<?xml version="1.0" encoding="UTF-8"?>
<testsuite xmlns:xsi="http://www.w3.org/2001/XMLSchema-instance" xsi:noNamespaceSchemaLocation="https://maven.apache.org/surefire/maven-surefire-plugin/xsd/surefire-test-report.xsd" name="com.sg.vendingmachine.dao.VendingMachineDaoFileImplTest" time="0.06" tests="5" errors="0" skipped="0" failures="0">
  <properties>
[...]
</properties>
  <testcase name="testGetZeroStockItems" classname="com.sg.vendingmachine.dao.VendingMachineDaoFileImplTest" time="0.034"/>
  <testcase name="testAddGetAllItems" classname="com.sg.vendingmachine.dao.VendingMachineDaoFileImplTest" time="0.005"/>
  <testcase name="testUpdateItem" classname="com.sg.vendingmachine.dao.VendingMachineDaoFileImplTest" time="0.006"/>
  <testcase name="testRemoveItem" classname="com.sg.vendingmachine.dao.VendingMachineDaoFileImplTest" time="0.006"/>
  <testcase name="testAddGetItem" classname="com.sg.vendingmachine.dao.VendingMachineDaoFileImplTest" time="0.002"/>
</testsuite>