<?xml version="1.0" encoding="UTF-8"?>
<testsuite xmlns:xsi="http://www.w3.org/2001/XMLSchema-instance" xsi:noNamespaceSchemaLocation="https://maven.apache.org/surefire/maven-surefire-plugin/xsd/surefire-test-report.xsd" name="com.sg.vendingmachine.service.VendingMachineServiceLayerImplTest" time="1.013" tests="15" errors="0" skipped="0" failures="0">
  <properties>
[...]
</properties>
  <testcase name="testSufficientFunds" classname="com.sg.vendingmachine.service.VendingMachineServiceLayerImplTest" time="0.027"/>
  <testcase name="testAddDuplicateItemId" classname="com.sg.vendingmachine.service.VendingMachineServiceLayerImplTest" time="0.004"/>
  <testcase name="testGetChosenItem" classname="com.sg.vendingmachine.service.VendingMachineServiceLayerImplTest" time="0.007"/>
  <testcase name="testCalculateChange" classname="com.sg.vendingmachine.service.VendingMachineServiceLayerImplTest" time="0.004"/>
  <testcase name="testCreateItemInvalidData" classname="com.sg.vendingmachine.service.VendingMachineServiceLayerImplTest" time="0.004"/>
  <testcase name="testGetZeroStockItems" classname="com.sg.vendingmachine.service.VendingMachineServiceLayerImplTest" time="0.001"/>
  <testcase name="testGetAllItems" classname="com.sg.vendingmachine.service.VendingMachineServiceLayerImplTest" time="0.001"/>
  <testcase name="testUpdateItem" classname="com.sg.vendingmachine.service.VendingMachineServiceLayerImplTest" time="0.001"/>
  <testcase name="testInsufficientFundException" classname="com.sg.vendingmachine.service.VendingMachineServiceLayerImplTest" time="0.005"/>
  <testcase name="testGetItem" classname="com.sg.vendingmachine.service.VendingMachineServiceLayerImplTest" time="0.004"/>
  <testcase name="testGetAvailableItemsInStock" classname="com.sg.vendingmachine.service.VendingMachineServiceLayerImplTest" time="0.002"/>
  <testcase name="testRemoveItem" classname="com.sg.vendingmachine.service.VendingMachineServiceLayerImplTest" time="0.001"/>
  <testcase name="testUpdateItemFromSale" classname="com.sg.vendingmachine.service.VendingMachineServiceLayerImplTest" time="0.001"/>
  <testcase name="testCreateValidItem" classname="com.sg.vendingmachine.service.VendingMachineServiceLayerImplTest" time="0.003"/>
  <testcase name="testNoItemInStockException" classname="com.sg.vendingmachine.service.VendingMachineServiceLayerImplTest" time="0.002"/>
</testsuite>